[error] Failed to fetch Firebase Project from Studio Workspace because WORKSPACE_SLUG environment variable is empty
[error] Failed to fetch Firebase Project from Studio Workspace because WORKSPACE_SLUG environment variable is empty
[error] Failed to fetch Firebase Project from Studio Workspace because WORKSPACE_SLUG environment variable is empty
[error] Failed to fetch Firebase Project from Studio Workspace because WORKSPACE_SLUG environment variable is empty
[debug] [2026-02-19T18:11:23.038Z] > command requires scopes: ["email","openid","https://www.googleapis.com/auth/cloudplatformprojects.readonly","https://www.googleapis.com/auth/firebase","https://www.googleapis.com/auth/cloud-platform","https://www.googleapis.com/auth/userinfo.email"]
[debug] [2026-02-19T18:11:23.040Z] > authorizing via signed-in user (wadareaf@gmail.com)
[debug] [2026-02-19T18:11:23.042Z] Checked if tokens are valid: false, expires at: 1771270874126
[debug] [2026-02-19T18:11:23.043Z] Checked if tokens are valid: false, expires at: 1771270874126
[debug] [2026-02-19T18:11:23.044Z] > refreshing access token with scopes: []
[debug] [2026-02-19T18:11:23.049Z] >>> [apiv2][query] POST https://www.googleapis.com/oauth2/v3/token [none]
[debug] [2026-02-19T18:11:23.050Z] >>> [apiv2][body] POST https://www.googleapis.com/oauth2/v3/token [omitted]
[debug] [2026-02-19T18:11:23.138Z] > command requires scopes: ["email","openid","https://www.googleapis.com/auth/cloudplatformprojects.readonly","https://www.googleapis.com/auth/firebase","https://www.googleapis.com/auth/cloud-platform","https://www.googleapis.com/auth/userinfo.email"]
[debug] [2026-02-19T18:11:23.138Z] > authorizing via signed-in user (wadareaf@gmail.com)
[debug] [2026-02-19T18:11:23.139Z] Checked if tokens are valid: false, expires at: 1771270874126
[debug] [2026-02-19T18:11:23.139Z] Checked if tokens are valid: false, expires at: 1771270874126
[debug] [2026-02-19T18:11:23.139Z] > refreshing access token with scopes: []
[debug] [2026-02-19T18:11:23.140Z] >>> [apiv2][query] POST https://www.googleapis.com/oauth2/v3/token [none]
[debug] [2026-02-19T18:11:23.141Z] >>> [apiv2][body] POST https://www.googleapis.com/oauth2/v3/token [omitted]
[debug] [2026-02-19T18:11:23.214Z] <<< [apiv2][status] POST https://www.googleapis.com/oauth2/v3/token 200
[debug] [2026-02-19T18:11:23.222Z] <<< [apiv2][body] POST https://www.googleapis.com/oauth2/v3/token [omitted]
[debug] [2026-02-19T18:11:23.243Z] >>> [apiv2][query] GET https://cloudbilling.googleapis.com/v1/projects/learneng-20588/billingInfo [none]
[debug] [2026-02-19T18:11:23.248Z] <<< [apiv2][status] POST https://www.googleapis.com/oauth2/v3/token 200
[debug] [2026-02-19T18:11:23.248Z] <<< [apiv2][body] POST https://www.googleapis.com/oauth2/v3/token [omitted]
[debug] [2026-02-19T18:11:23.267Z] >>> [apiv2][query] GET https://cloudbilling.googleapis.com/v1/projects/learneng-20588/billingInfo [none]
[debug] [2026-02-19T18:11:23.474Z] <<< [apiv2][status] GET https://cloudbilling.googleapis.com/v1/projects/learneng-20588/billingInfo 200
[debug] [2026-02-19T18:11:23.475Z] <<< [apiv2][body] GET https://cloudbilling.googleapis.com/v1/projects/learneng-20588/billingInfo {"name":"projects/learneng-20588/billingInfo","projectId":"learneng-20588","billingAccountName":"","billingEnabled":false}
[debug] [2026-02-19T18:11:23.502Z] Checked if tokens are valid: true, expires at: 1771528282249
[debug] [2026-02-19T18:11:23.504Z] Checked if tokens are valid: true, expires at: 1771528282249
[debug] [2026-02-19T18:11:23.507Z] Checked if tokens are valid: true, expires at: 1771528282249
[debug] [2026-02-19T18:11:23.507Z] Checked if tokens are valid: true, expires at: 1771528282249
[debug] [2026-02-19T18:11:23.560Z] Checked if tokens are valid: true, expires at: 1771528282249
[debug] [2026-02-19T18:11:23.561Z] Checked if tokens are valid: true, expires at: 1771528282249
[debug] [2026-02-19T18:11:23.561Z] Checked if tokens are valid: true, expires at: 1771528282249
[debug] [2026-02-19T18:11:23.561Z] Checked if tokens are valid: true, expires at: 1771528282249
[debug] [2026-02-19T18:11:23.562Z] >>> [apiv2][query] GET https://serviceusage.googleapis.com/v1/projects/learneng-20588/services/firebasedataconnect.googleapis.com [none]
[debug] [2026-02-19T18:11:23.562Z] >>> [apiv2][(partial)header] GET https://serviceusage.googleapis.com/v1/projects/learneng-20588/services/firebasedataconnect.googleapis.com  x-goog-user-project=learneng-20588
[debug] [2026-02-19T18:11:23.574Z] >>> [apiv2][query] GET https://serviceusage.googleapis.com/v1/projects/learneng-20588/services/cloudfunctions.googleapis.com [none]
[debug] [2026-02-19T18:11:23.574Z] >>> [apiv2][(partial)header] GET https://serviceusage.googleapis.com/v1/projects/learneng-20588/services/cloudfunctions.googleapis.com  x-goog-user-project=learneng-20588
[debug] [2026-02-19T18:11:23.586Z] >>> [apiv2][query] GET https://serviceusage.googleapis.com/v1/projects/learneng-20588/services/firebaseapphosting.googleapis.com [none]
[debug] [2026-02-19T18:11:23.586Z] >>> [apiv2][(partial)header] GET https://serviceusage.googleapis.com/v1/projects/learneng-20588/services/firebaseapphosting.googleapis.com  x-goog-user-project=learneng-20588
[debug] [2026-02-19T18:11:23.591Z] >>> [apiv2][query] GET https://serviceusage.googleapis.com/v1/projects/learneng-20588/services/firebaseio.com [none]
[debug] [2026-02-19T18:11:23.591Z] >>> [apiv2][(partial)header] GET https://serviceusage.googleapis.com/v1/projects/learneng-20588/services/firebaseio.com  x-goog-user-project=learneng-20588
[debug] [2026-02-19T18:11:23.769Z] <<< [apiv2][status] GET https://cloudbilling.googleapis.com/v1/projects/learneng-20588/billingInfo 200
[debug] [2026-02-19T18:11:23.770Z] <<< [apiv2][body] GET https://cloudbilling.googleapis.com/v1/projects/learneng-20588/billingInfo {"name":"projects/learneng-20588/billingInfo","projectId":"learneng-20588","billingAccountName":"","billingEnabled":false}
[debug] [2026-02-19T18:11:23.785Z] Checked if tokens are valid: true, expires at: 1771528282249
[debug] [2026-02-19T18:11:23.786Z] Checked if tokens are valid: true, expires at: 1771528282249
[debug] [2026-02-19T18:11:23.786Z] Checked if tokens are valid: true, expires at: 1771528282249
[debug] [2026-02-19T18:11:23.786Z] Checked if tokens are valid: true, expires at: 1771528282249
[debug] [2026-02-19T18:11:23.814Z] Checked if tokens are valid: true, expires at: 1771528282249
[debug] [2026-02-19T18:11:23.814Z] Checked if tokens are valid: true, expires at: 1771528282249
[debug] [2026-02-19T18:11:23.814Z] Checked if tokens are valid: true, expires at: 1771528282249
[debug] [2026-02-19T18:11:23.814Z] Checked if tokens are valid: true, expires at: 1771528282249
[debug] [2026-02-19T18:11:23.815Z] >>> [apiv2][query] GET https://serviceusage.googleapis.com/v1/projects/learneng-20588/services/firebasedataconnect.googleapis.com [none]
[debug] [2026-02-19T18:11:23.815Z] >>> [apiv2][(partial)header] GET https://serviceusage.googleapis.com/v1/projects/learneng-20588/services/firebasedataconnect.googleapis.com  x-goog-user-project=learneng-20588
[debug] [2026-02-19T18:11:23.819Z] >>> [apiv2][query] GET https://serviceusage.googleapis.com/v1/projects/learneng-20588/services/cloudfunctions.googleapis.com [none]
[debug] [2026-02-19T18:11:23.819Z] >>> [apiv2][(partial)header] GET https://serviceusage.googleapis.com/v1/projects/learneng-20588/services/cloudfunctions.googleapis.com  x-goog-user-project=learneng-20588
[debug] [2026-02-19T18:11:23.830Z] >>> [apiv2][query] GET https://serviceusage.googleapis.com/v1/projects/learneng-20588/services/firebaseapphosting.googleapis.com [none]
[debug] [2026-02-19T18:11:23.831Z] >>> [apiv2][(partial)header] GET https://serviceusage.googleapis.com/v1/projects/learneng-20588/services/firebaseapphosting.googleapis.com  x-goog-user-project=learneng-20588
[debug] [2026-02-19T18:11:23.847Z] >>> [apiv2][query] GET https://serviceusage.googleapis.com/v1/projects/learneng-20588/services/firebaseio.com [none]
[debug] [2026-02-19T18:11:23.847Z] >>> [apiv2][(partial)header] GET https://serviceusage.googleapis.com/v1/projects/learneng-20588/services/firebaseio.com  x-goog-user-project=learneng-20588
[debug] [2026-02-19T18:11:24.418Z] <<< [apiv2][status] GET https://serviceusage.googleapis.com/v1/projects/learneng-20588/services/firebaseio.com 403
[debug] [2026-02-19T18:11:24.418Z] <<< [apiv2][body] GET https://serviceusage.googleapis.com/v1/projects/learneng-20588/services/firebaseio.com [omitted]
[debug] [2026-02-19T18:11:24.450Z] <<< [apiv2][status] GET https://serviceusage.googleapis.com/v1/projects/learneng-20588/services/firebaseapphosting.googleapis.com 200
[debug] [2026-02-19T18:11:24.451Z] <<< [apiv2][body] GET https://serviceusage.googleapis.com/v1/projects/learneng-20588/services/firebaseapphosting.googleapis.com [omitted]
[debug] [2026-02-19T18:11:24.476Z] <<< [apiv2][status] GET https://serviceusage.googleapis.com/v1/projects/learneng-20588/services/firebasedataconnect.googleapis.com 200
[debug] [2026-02-19T18:11:24.477Z] <<< [apiv2][body] GET https://serviceusage.googleapis.com/v1/projects/learneng-20588/services/firebasedataconnect.googleapis.com [omitted]
[debug] [2026-02-19T18:11:24.485Z] <<< [apiv2][status] GET https://serviceusage.googleapis.com/v1/projects/learneng-20588/services/cloudfunctions.googleapis.com 200
[debug] [2026-02-19T18:11:24.491Z] <<< [apiv2][body] GET https://serviceusage.googleapis.com/v1/projects/learneng-20588/services/cloudfunctions.googleapis.com [omitted]
[error] Failed to fetch Firebase Project from Studio Workspace because WORKSPACE_SLUG environment variable is empty
[error] Failed to fetch Firebase Project from Studio Workspace because WORKSPACE_SLUG environment variable is empty
[error] Failed to fetch Firebase Project from Studio Workspace because WORKSPACE_SLUG environment variable is empty
[debug] [2026-02-19T18:11:24.514Z] > command requires scopes: ["email","openid","https://www.googleapis.com/auth/cloudplatformprojects.readonly","https://www.googleapis.com/auth/firebase","https://www.googleapis.com/auth/cloud-platform","https://www.googleapis.com/auth/userinfo.email"]
[debug] [2026-02-19T18:11:24.514Z] > authorizing via signed-in user (wadareaf@gmail.com)
[debug] [2026-02-19T18:11:24.515Z] Checked if tokens are valid: true, expires at: 1771528282249
[debug] [2026-02-19T18:11:24.515Z] Checked if tokens are valid: true, expires at: 1771528282249
[debug] [2026-02-19T18:11:24.515Z] >>> [apiv2][query] GET https://cloudbilling.googleapis.com/v1/projects/learneng-20588/billingInfo [none]
[debug] [2026-02-19T18:11:24.609Z] <<< [apiv2][status] GET https://serviceusage.googleapis.com/v1/projects/learneng-20588/services/firebaseio.com 403
[debug] [2026-02-19T18:11:24.609Z] <<< [apiv2][body] GET https://serviceusage.googleapis.com/v1/projects/learneng-20588/services/firebaseio.com [omitted]
[debug] [2026-02-19T18:11:24.661Z] <<< [apiv2][status] GET https://cloudbilling.googleapis.com/v1/projects/learneng-20588/billingInfo 200
[debug] [2026-02-19T18:11:24.661Z] <<< [apiv2][body] GET https://cloudbilling.googleapis.com/v1/projects/learneng-20588/billingInfo {"name":"projects/learneng-20588/billingInfo","projectId":"learneng-20588","billingAccountName":"","billingEnabled":false}
[error] Failed to fetch Firebase Project from Studio Workspace because WORKSPACE_SLUG environment variable is empty
[debug] [2026-02-19T18:11:24.669Z] > command requires scopes: ["email","openid","https://www.googleapis.com/auth/cloudplatformprojects.readonly","https://www.googleapis.com/auth/firebase","https://www.googleapis.com/auth/cloud-platform","https://www.googleapis.com/auth/userinfo.email"]
[debug] [2026-02-19T18:11:24.669Z] > authorizing via signed-in user (wadareaf@gmail.com)
[error] Failed to fetch Firebase Project from Studio Workspace because WORKSPACE_SLUG environment variable is empty
[error] Failed to fetch Firebase Project from Studio Workspace because WORKSPACE_SLUG environment variable is empty
[error] Failed to fetch Firebase Project from Studio Workspace because WORKSPACE_SLUG environment variable is empty
[debug] [2026-02-19T18:11:24.721Z] > command requires scopes: ["email","openid","https://www.googleapis.com/auth/cloudplatformprojects.readonly","https://www.googleapis.com/auth/firebase","https://www.googleapis.com/auth/cloud-platform","https://www.googleapis.com/auth/userinfo.email"]
[debug] [2026-02-19T18:11:24.721Z] > authorizing via signed-in user (wadareaf@gmail.com)
[debug] [2026-02-19T18:11:24.721Z] Checked if tokens are valid: true, expires at: 1771528282249
[debug] [2026-02-19T18:11:24.722Z] Checked if tokens are valid: true, expires at: 1771528282249
[debug] [2026-02-19T18:11:24.722Z] >>> [apiv2][query] GET https://cloudbilling.googleapis.com/v1/projects/learneng-20588/billingInfo [none]
[error] Failed to fetch Firebase Project from Studio Workspace because WORKSPACE_SLUG environment variable is empty
[error] Failed to fetch Firebase Project from Studio Workspace because WORKSPACE_SLUG environment variable is empty
[error] Failed to fetch Firebase Project from Studio Workspace because WORKSPACE_SLUG environment variable is empty
[debug] [2026-02-19T18:11:24.730Z] > command requires scopes: ["email","openid","https://www.googleapis.com/auth/cloudplatformprojects.readonly","https://www.googleapis.com/auth/firebase","https://www.googleapis.com/auth/cloud-platform","https://www.googleapis.com/auth/userinfo.email"]
[debug] [2026-02-19T18:11:24.731Z] > authorizing via signed-in user (wadareaf@gmail.com)
[debug] [2026-02-19T18:11:24.731Z] Checked if tokens are valid: true, expires at: 1771528282249
[debug] [2026-02-19T18:11:24.731Z] Checked if tokens are valid: true, expires at: 1771528282249
[debug] [2026-02-19T18:11:24.731Z] >>> [apiv2][query] GET https://cloudbilling.googleapis.com/v1/projects/learneng-20588/billingInfo [none]
[debug] [2026-02-19T18:11:24.756Z] <<< [apiv2][status] GET https://serviceusage.googleapis.com/v1/projects/learneng-20588/services/firebasedataconnect.googleapis.com 200
[debug] [2026-02-19T18:11:24.761Z] <<< [apiv2][body] GET https://serviceusage.googleapis.com/v1/projects/learneng-20588/services/firebasedataconnect.googleapis.com [omitted]
[debug] [2026-02-19T18:11:24.766Z] <<< [apiv2][status] GET https://serviceusage.googleapis.com/v1/projects/learneng-20588/services/firebaseapphosting.googleapis.com 200
[debug] [2026-02-19T18:11:24.767Z] <<< [apiv2][body] GET https://serviceusage.googleapis.com/v1/projects/learneng-20588/services/firebaseapphosting.googleapis.com [omitted]
[debug] [2026-02-19T18:11:24.775Z] <<< [apiv2][status] GET https://serviceusage.googleapis.com/v1/projects/learneng-20588/services/cloudfunctions.googleapis.com 200
[debug] [2026-02-19T18:11:24.776Z] <<< [apiv2][body] GET https://serviceusage.googleapis.com/v1/projects/learneng-20588/services/cloudfunctions.googleapis.com [omitted]
[debug] [2026-02-19T18:11:24.920Z] <<< [apiv2][status] GET https://cloudbilling.googleapis.com/v1/projects/learneng-20588/billingInfo 200
[debug] [2026-02-19T18:11:24.920Z] <<< [apiv2][body] GET https://cloudbilling.googleapis.com/v1/projects/learneng-20588/billingInfo {"name":"projects/learneng-20588/billingInfo","projectId":"learneng-20588","billingAccountName":"","billingEnabled":false}
[error] Failed to fetch Firebase Project from Studio Workspace because WORKSPACE_SLUG environment variable is empty
[debug] [2026-02-19T18:11:24.936Z] > command requires scopes: ["email","openid","https://www.googleapis.com/auth/cloudplatformprojects.readonly","https://www.googleapis.com/auth/firebase","https://www.googleapis.com/auth/cloud-platform","https://www.googleapis.com/auth/userinfo.email"]
[debug] [2026-02-19T18:11:24.936Z] > authorizing via signed-in user (wadareaf@gmail.com)
[debug] [2026-02-19T18:11:24.954Z] <<< [apiv2][status] GET https://cloudbilling.googleapis.com/v1/projects/learneng-20588/billingInfo 200
[debug] [2026-02-19T18:11:24.955Z] <<< [apiv2][body] GET https://cloudbilling.googleapis.com/v1/projects/learneng-20588/billingInfo {"name":"projects/learneng-20588/billingInfo","projectId":"learneng-20588","billingAccountName":"","billingEnabled":false}
[error] Failed to fetch Firebase Project from Studio Workspace because WORKSPACE_SLUG environment variable is empty
[debug] [2026-02-19T18:11:24.970Z] > command requires scopes: ["email","openid","https://www.googleapis.com/auth/cloudplatformprojects.readonly","https://www.googleapis.com/auth/firebase","https://www.googleapis.com/auth/cloud-platform","https://www.googleapis.com/auth/userinfo.email"]
[debug] [2026-02-19T18:11:24.970Z] > authorizing via signed-in user (wadareaf@gmail.com)
